2019-10-11 at 17:06:51 CST INFO  org.apache.kafka.common.config.AbstractConfig 279 logAll - ConsumerConfig values: 
	auto.commit.interval.ms = 1000
	auto.offset.reset = latest
	bootstrap.servers = [192.168.1.102:9092, 192.168.1.114:9092, 192.168.1.114:9093]
	check.crcs = true
	client.dns.lookup = default
	client.id = 
	connections.max.idle.ms = 540000
	default.api.timeout.ms = 60000
	enable.auto.commit = true
	exclude.internal.topics = true
	fetch.max.bytes = 52428800
	fetch.max.wait.ms = 500
	fetch.min.bytes = 1
	group.id = group2
	heartbeat.interval.ms = 3000
	interceptor.classes = []
	internal.leave.group.on.close = true
	isolation.level = read_uncommitted
	key.deserializer = class org.apache.kafka.common.serialization.StringDeserializer
	max.partition.fetch.bytes = 1048576
	max.poll.interval.ms = 300000
	max.poll.records = 1000
	metadata.max.age.ms = 300000
	metric.reporters = []
	metrics.num.samples = 2
	metrics.recording.level = INFO
	metrics.sample.window.ms = 30000
	partition.assignment.strategy = [class org.apache.kafka.clients.consumer.RangeAssignor]
	receive.buffer.bytes = 65536
	reconnect.backoff.max.ms = 1000
	reconnect.backoff.ms = 50
	request.timeout.ms = 30000
	retry.backoff.ms = 100
	sasl.client.callback.handler.class = null
	sasl.jaas.config = null
	sasl.kerberos.kinit.cmd = /usr/bin/kinit
	sasl.kerberos.min.time.before.relogin = 60000
	sasl.kerberos.service.name = null
	sasl.kerberos.ticket.renew.jitter = 0.05
	sasl.kerberos.ticket.renew.window.factor = 0.8
	sasl.login.callback.handler.class = null
	sasl.login.class = null
	sasl.login.refresh.buffer.seconds = 300
	sasl.login.refresh.min.period.seconds = 60
	sasl.login.refresh.window.factor = 0.8
	sasl.login.refresh.window.jitter = 0.05
	sasl.mechanism = GSSAPI
	security.protocol = PLAINTEXT
	send.buffer.bytes = 131072
	session.timeout.ms = 30000
	ssl.cipher.suites = null
	ssl.enabled.protocols = [TLSv1.2, TLSv1.1, TLSv1]
	ssl.endpoint.identification.algorithm = https
	ssl.key.password = null
	ssl.keymanager.algorithm = SunX509
	ssl.keystore.location = null
	ssl.keystore.password = null
	ssl.keystore.type = JKS
	ssl.protocol = TLS
	ssl.provider = null
	ssl.secure.random.implementation = null
	ssl.trustmanager.algorithm = PKIX
	ssl.truststore.location = null
	ssl.truststore.password = null
	ssl.truststore.type = JKS
	value.deserializer = class org.apache.kafka.common.serialization.StringDeserializer

2019-10-11 at 17:06:51 CST INFO  org.apache.kafka.common.utils.AppInfoParser$AppInfo 109 <init> - Kafka version: 2.2.0
2019-10-11 at 17:06:51 CST INFO  org.apache.kafka.common.utils.AppInfoParser$AppInfo 110 <init> - Kafka commitId: 05fcfde8f69b0349
2019-10-11 at 17:06:51 CST INFO  org.apache.kafka.clients.Metadata 365 update - Cluster ID: ZQXnBn0nQDC1_9an2w2jXA
2019-10-11 at 17:06:51 CST INFO  tiger.ApplicationConfig 99 lambda$consumer$0 - partition info:Partition(topic = cors_msg, partition = 0, leader = 1, replicas = [1,0,2], isr = [2,1,0], offlineReplicas = [])
2019-10-11 at 17:06:51 CST INFO  tiger.ApplicationConfig 99 lambda$consumer$0 - partition info:Partition(topic = cors_msg, partition = 5, leader = 0, replicas = [0,1,2], isr = [2,1,0], offlineReplicas = [])
2019-10-11 at 17:06:51 CST INFO  tiger.ApplicationConfig 99 lambda$consumer$0 - partition info:Partition(topic = cors_msg, partition = 1, leader = 2, replicas = [2,1,0], isr = [2,1,0], offlineReplicas = [])
2019-10-11 at 17:06:51 CST INFO  tiger.ApplicationConfig 99 lambda$consumer$0 - partition info:Partition(topic = cors_msg, partition = 4, leader = 2, replicas = [2,0,1], isr = [2,1,0], offlineReplicas = [])
2019-10-11 at 17:06:51 CST INFO  tiger.ApplicationConfig 99 lambda$consumer$0 - partition info:Partition(topic = cors_msg, partition = 6, leader = 1, replicas = [1,0,2], isr = [2,1,0], offlineReplicas = [])
2019-10-11 at 17:06:51 CST INFO  tiger.ApplicationConfig 99 lambda$consumer$0 - partition info:Partition(topic = cors_msg, partition = 7, leader = 2, replicas = [2,1,0], isr = [2,1,0], offlineReplicas = [])
2019-10-11 at 17:06:51 CST INFO  tiger.ApplicationConfig 99 lambda$consumer$0 - partition info:Partition(topic = cors_msg, partition = 2, leader = 0, replicas = [0,2,1], isr = [2,1,0], offlineReplicas = [])
2019-10-11 at 17:06:51 CST INFO  tiger.ApplicationConfig 99 lambda$consumer$0 - partition info:Partition(topic = cors_msg, partition = 3, leader = 1, replicas = [1,2,0], isr = [2,1,0], offlineReplicas = [])
2019-10-11 at 17:06:51 CST INFO  org.apache.kafka.clients.consumer.KafkaConsumer 1090 assign - [Consumer clientId=consumer-1, groupId=group2] Subscribed to partition(s): cors_msg-0, cors_msg-5, cors_msg-1, cors_msg-4, cors_msg-6, cors_msg-7, cors_msg-2, cors_msg-3
2019-10-11 at 17:06:51 CST INFO  org.springframework.scheduling.annotation.ScheduledAnnotationBeanPostProcessor 295 finishRegistration - No TaskScheduler/ScheduledExecutorService bean found for scheduled processing
2019-10-11 at 17:06:52 CST INFO  org.apache.kafka.clients.consumer.internals.Fetcher 584 resetOffsetIfNeeded - [Consumer clientId=consumer-1, groupId=group2] Resetting offset for partition cors_msg-0 to offset 78857771.
2019-10-11 at 17:06:52 CST INFO  org.apache.kafka.clients.consumer.internals.Fetcher 584 resetOffsetIfNeeded - [Consumer clientId=consumer-1, groupId=group2] Resetting offset for partition cors_msg-6 to offset 66891825.
2019-10-11 at 17:06:52 CST INFO  org.apache.kafka.clients.consumer.internals.Fetcher 584 resetOffsetIfNeeded - [Consumer clientId=consumer-1, groupId=group2] Resetting offset for partition cors_msg-3 to offset 54293506.
2019-10-11 at 17:06:52 CST INFO  org.apache.kafka.clients.consumer.internals.Fetcher 584 resetOffsetIfNeeded - [Consumer clientId=consumer-1, groupId=group2] Resetting offset for partition cors_msg-7 to offset 80491734.
2019-10-11 at 17:06:52 CST INFO  org.apache.kafka.clients.consumer.internals.Fetcher 584 resetOffsetIfNeeded - [Consumer clientId=consumer-1, groupId=group2] Resetting offset for partition cors_msg-4 to offset 74833139.
2019-10-11 at 17:06:52 CST INFO  org.apache.kafka.clients.consumer.internals.Fetcher 584 resetOffsetIfNeeded - [Consumer clientId=consumer-1, groupId=group2] Resetting offset for partition cors_msg-1 to offset 42055183.
2019-10-11 at 17:06:52 CST INFO  org.apache.kafka.clients.consumer.internals.Fetcher 584 resetOffsetIfNeeded - [Consumer clientId=consumer-1, groupId=group2] Resetting offset for partition cors_msg-5 to offset 60665419.
2019-10-11 at 17:06:52 CST INFO  org.apache.kafka.clients.consumer.internals.Fetcher 584 resetOffsetIfNeeded - [Consumer clientId=consumer-1, groupId=group2] Resetting offset for partition cors_msg-2 to offset 50225734.
2019-10-11 at 17:06:53 CST INFO  org.apache.kafka.clients.consumer.internals.AbstractCoordinator$FindCoordinatorResponseHandler 675 onSuccess - [Consumer clientId=consumer-1, groupId=group2] Discovered group coordinator 192.168.1.114:9093 (id: 2147483645 rack: null)
2019-10-11 at 17:06:53 CST INFO  tiger.ConsumeTask 36 consume - message:msg:cors:392:obstime:1570784831:hash, partition:1,offset:42055204
2019-10-11 at 17:06:53 CST INFO  tiger.ConsumeTask 36 consume - message:msg:cors:392:obstime:1570784831:hash, partition:1,offset:42055205
2019-10-11 at 17:06:54 CST INFO  tiger.ConsumeTask 36 consume - message:msg:cors:392:obstime:1570784832:hash, partition:1,offset:42055243
2019-10-11 at 17:06:54 CST INFO  tiger.ConsumeTask 36 consume - message:msg:cors:392:obstime:1570784832:hash, partition:1,offset:42055244
2019-10-11 at 17:06:56 CST INFO  tiger.ConsumeTask 36 consume - message:msg:cors:392:obstime:1570784834:hash, partition:1,offset:42055315
2019-10-11 at 17:06:56 CST INFO  tiger.ConsumeTask 36 consume - message:msg:cors:392:obstime:1570784834:hash, partition:1,offset:42055316
2019-10-11 at 17:06:57 CST INFO  tiger.ConsumeTask 36 consume - message:msg:cors:392:obstime:1570784835:hash, partition:1,offset:42055353
2019-10-11 at 17:06:58 CST INFO  tiger.ConsumeTask 36 consume - message:msg:cors:392:obstime:1570784836:hash, partition:1,offset:42055385
2019-10-11 at 17:06:59 CST INFO  tiger.ConsumeTask 36 consume - message:msg:cors:392:obstime:1570784837:hash, partition:1,offset:42055420
2019-10-11 at 17:07:00 CST INFO  tiger.ConsumeTask 36 consume - message:msg:cors:392:obstime:1570784838:hash, partition:1,offset:42055456
2019-10-11 at 17:07:00 CST INFO  tiger.ConsumeTask 36 consume - message:msg:cors:392:obstime:1570784838:hash, partition:1,offset:42055457
2019-10-11 at 17:07:01 CST INFO  tiger.ConsumeTask 36 consume - message:msg:cors:392:obstime:1570784839:hash, partition:1,offset:42055494
2019-10-11 at 17:07:02 CST INFO  tiger.ConsumeTask 36 consume - message:msg:cors:392:obstime:1570784840:hash, partition:1,offset:42055532
2019-10-11 at 17:07:02 CST INFO  tiger.ConsumeTask 36 consume - message:msg:cors:392:obstime:1570784840:hash, partition:1,offset:42055533
2019-10-11 at 17:07:03 CST INFO  tiger.ConsumeTask 36 consume - message:msg:cors:392:obstime:1570784841:hash, partition:1,offset:42055570
2019-10-11 at 17:07:21 CST INFO  org.apache.kafka.common.config.AbstractConfig 279 logAll - ConsumerConfig values: 
	auto.commit.interval.ms = 1000
	auto.offset.reset = latest
	bootstrap.servers = [192.168.1.102:9092, 192.168.1.114:9092, 192.168.1.114:9093]
	check.crcs = true
	client.dns.lookup = default
	client.id = 
	connections.max.idle.ms = 540000
	default.api.timeout.ms = 60000
	enable.auto.commit = true
	exclude.internal.topics = true
	fetch.max.bytes = 52428800
	fetch.max.wait.ms = 500
	fetch.min.bytes = 1
	group.id = group2
	heartbeat.interval.ms = 3000
	interceptor.classes = []
	internal.leave.group.on.close = true
	isolation.level = read_uncommitted
	key.deserializer = class org.apache.kafka.common.serialization.StringDeserializer
	max.partition.fetch.bytes = 1048576
	max.poll.interval.ms = 300000
	max.poll.records = 1000
	metadata.max.age.ms = 300000
	metric.reporters = []
	metrics.num.samples = 2
	metrics.recording.level = INFO
	metrics.sample.window.ms = 30000
	partition.assignment.strategy = [class org.apache.kafka.clients.consumer.RangeAssignor]
	receive.buffer.bytes = 65536
	reconnect.backoff.max.ms = 1000
	reconnect.backoff.ms = 50
	request.timeout.ms = 30000
	retry.backoff.ms = 100
	sasl.client.callback.handler.class = null
	sasl.jaas.config = null
	sasl.kerberos.kinit.cmd = /usr/bin/kinit
	sasl.kerberos.min.time.before.relogin = 60000
	sasl.kerberos.service.name = null
	sasl.kerberos.ticket.renew.jitter = 0.05
	sasl.kerberos.ticket.renew.window.factor = 0.8
	sasl.login.callback.handler.class = null
	sasl.login.class = null
	sasl.login.refresh.buffer.seconds = 300
	sasl.login.refresh.min.period.seconds = 60
	sasl.login.refresh.window.factor = 0.8
	sasl.login.refresh.window.jitter = 0.05
	sasl.mechanism = GSSAPI
	security.protocol = PLAINTEXT
	send.buffer.bytes = 131072
	session.timeout.ms = 30000
	ssl.cipher.suites = null
	ssl.enabled.protocols = [TLSv1.2, TLSv1.1, TLSv1]
	ssl.endpoint.identification.algorithm = https
	ssl.key.password = null
	ssl.keymanager.algorithm = SunX509
	ssl.keystore.location = null
	ssl.keystore.password = null
	ssl.keystore.type = JKS
	ssl.protocol = TLS
	ssl.provider = null
	ssl.secure.random.implementation = null
	ssl.trustmanager.algorithm = PKIX
	ssl.truststore.location = null
	ssl.truststore.password = null
	ssl.truststore.type = JKS
	value.deserializer = class org.apache.kafka.common.serialization.StringDeserializer

2019-10-11 at 17:07:21 CST INFO  org.apache.kafka.common.utils.AppInfoParser$AppInfo 109 <init> - Kafka version: 2.2.0
2019-10-11 at 17:07:21 CST INFO  org.apache.kafka.common.utils.AppInfoParser$AppInfo 110 <init> - Kafka commitId: 05fcfde8f69b0349
2019-10-11 at 17:07:21 CST INFO  org.apache.kafka.clients.Metadata 365 update - Cluster ID: ZQXnBn0nQDC1_9an2w2jXA
2019-10-11 at 17:07:21 CST INFO  tiger.ApplicationConfig 99 lambda$consumer$0 - partition info:Partition(topic = cors_msg, partition = 0, leader = 1, replicas = [1,0,2], isr = [2,1,0], offlineReplicas = [])
2019-10-11 at 17:07:21 CST INFO  tiger.ApplicationConfig 99 lambda$consumer$0 - partition info:Partition(topic = cors_msg, partition = 5, leader = 0, replicas = [0,1,2], isr = [2,1,0], offlineReplicas = [])
2019-10-11 at 17:07:21 CST INFO  tiger.ApplicationConfig 99 lambda$consumer$0 - partition info:Partition(topic = cors_msg, partition = 4, leader = 2, replicas = [2,0,1], isr = [2,1,0], offlineReplicas = [])
2019-10-11 at 17:07:21 CST INFO  tiger.ApplicationConfig 99 lambda$consumer$0 - partition info:Partition(topic = cors_msg, partition = 1, leader = 2, replicas = [2,1,0], isr = [2,1,0], offlineReplicas = [])
2019-10-11 at 17:07:21 CST INFO  tiger.ApplicationConfig 99 lambda$consumer$0 - partition info:Partition(topic = cors_msg, partition = 6, leader = 1, replicas = [1,0,2], isr = [2,1,0], offlineReplicas = [])
2019-10-11 at 17:07:21 CST INFO  tiger.ApplicationConfig 99 lambda$consumer$0 - partition info:Partition(topic = cors_msg, partition = 7, leader = 2, replicas = [2,1,0], isr = [2,1,0], offlineReplicas = [])
2019-10-11 at 17:07:21 CST INFO  tiger.ApplicationConfig 99 lambda$consumer$0 - partition info:Partition(topic = cors_msg, partition = 2, leader = 0, replicas = [0,2,1], isr = [2,1,0], offlineReplicas = [])
2019-10-11 at 17:07:21 CST INFO  tiger.ApplicationConfig 99 lambda$consumer$0 - partition info:Partition(topic = cors_msg, partition = 3, leader = 1, replicas = [1,2,0], isr = [2,1,0], offlineReplicas = [])
2019-10-11 at 17:07:21 CST INFO  org.apache.kafka.clients.consumer.KafkaConsumer 1090 assign - [Consumer clientId=consumer-1, groupId=group2] Subscribed to partition(s): cors_msg-0, cors_msg-5, cors_msg-4, cors_msg-1, cors_msg-6, cors_msg-7, cors_msg-2, cors_msg-3
2019-10-11 at 17:07:21 CST INFO  org.springframework.scheduling.annotation.ScheduledAnnotationBeanPostProcessor 295 finishRegistration - No TaskScheduler/ScheduledExecutorService bean found for scheduled processing
2019-10-11 at 17:07:22 CST INFO  org.apache.kafka.clients.consumer.internals.Fetcher 584 resetOffsetIfNeeded - [Consumer clientId=consumer-1, groupId=group2] Resetting offset for partition cors_msg-5 to offset 60667217.
2019-10-11 at 17:07:22 CST INFO  org.apache.kafka.clients.consumer.internals.Fetcher 584 resetOffsetIfNeeded - [Consumer clientId=consumer-1, groupId=group2] Resetting offset for partition cors_msg-2 to offset 50227120.
2019-10-11 at 17:07:22 CST INFO  org.apache.kafka.clients.consumer.internals.Fetcher 584 resetOffsetIfNeeded - [Consumer clientId=consumer-1, groupId=group2] Resetting offset for partition cors_msg-7 to offset 80493953.
2019-10-11 at 17:07:22 CST INFO  org.apache.kafka.clients.consumer.internals.Fetcher 584 resetOffsetIfNeeded - [Consumer clientId=consumer-1, groupId=group2] Resetting offset for partition cors_msg-4 to offset 74835297.
2019-10-11 at 17:07:22 CST INFO  org.apache.kafka.clients.consumer.internals.Fetcher 584 resetOffsetIfNeeded - [Consumer clientId=consumer-1, groupId=group2] Resetting offset for partition cors_msg-1 to offset 42056333.
2019-10-11 at 17:07:22 CST INFO  org.apache.kafka.clients.consumer.internals.Fetcher 584 resetOffsetIfNeeded - [Consumer clientId=consumer-1, groupId=group2] Resetting offset for partition cors_msg-0 to offset 78859999.
2019-10-11 at 17:07:22 CST INFO  org.apache.kafka.clients.consumer.internals.Fetcher 584 resetOffsetIfNeeded - [Consumer clientId=consumer-1, groupId=group2] Resetting offset for partition cors_msg-6 to offset 66893740.
2019-10-11 at 17:07:22 CST INFO  org.apache.kafka.clients.consumer.internals.Fetcher 584 resetOffsetIfNeeded - [Consumer clientId=consumer-1, groupId=group2] Resetting offset for partition cors_msg-3 to offset 54295156.
2019-10-11 at 17:07:22 CST INFO  org.apache.kafka.clients.consumer.internals.AbstractCoordinator$FindCoordinatorResponseHandler 675 onSuccess - [Consumer clientId=consumer-1, groupId=group2] Discovered group coordinator 192.168.1.114:9093 (id: 2147483645 rack: null)
2019-10-11 at 17:07:23 CST INFO  tiger.ConsumeTask 36 consume - message:msg:cors:392:obstime:1570784861:hash, partition:1,offset:42056340
2019-10-11 at 17:07:24 CST INFO  tiger.ConsumeTask 36 consume - message:msg:cors:392:obstime:1570784862:hash, partition:1,offset:42056378
2019-10-11 at 17:07:24 CST INFO  tiger.ConsumeTask 36 consume - message:msg:cors:392:obstime:1570784862:hash, partition:1,offset:42056379
2019-10-11 at 17:07:25 CST INFO  tiger.ConsumeTask 36 consume - message:msg:cors:392:obstime:1570784863:hash, partition:1,offset:42056418
2019-10-11 at 17:07:25 CST INFO  tiger.ConsumeTask 36 consume - message:msg:cors:392:obstime:1570784863:hash, partition:1,offset:42056420
2019-10-11 at 17:07:26 CST INFO  tiger.ConsumeTask 36 consume - message:msg:cors:392:obstime:1570784864:hash, partition:1,offset:42056456
2019-10-11 at 17:07:27 CST INFO  tiger.ConsumeTask 36 consume - message:msg:cors:392:obstime:1570784865:hash, partition:1,offset:42056485
2019-10-11 at 17:07:28 CST INFO  tiger.ConsumeTask 36 consume - message:msg:cors:392:obstime:1570784866:hash, partition:1,offset:42056523
2019-10-11 at 17:07:28 CST INFO  tiger.ConsumeTask 36 consume - message:msg:cors:392:obstime:1570784866:hash, partition:1,offset:42056524
2019-10-11 at 17:07:29 CST INFO  tiger.ConsumeTask 36 consume - message:msg:cors:392:obstime:1570784867:hash, partition:1,offset:42056560
2019-10-11 at 17:13:21 CST INFO  org.apache.kafka.common.config.AbstractConfig 279 logAll - ConsumerConfig values: 
	auto.commit.interval.ms = 1000
	auto.offset.reset = latest
	bootstrap.servers = [192.168.1.102:9092, 192.168.1.114:9092, 192.168.1.114:9093]
	check.crcs = true
	client.dns.lookup = default
	client.id = 
	connections.max.idle.ms = 540000
	default.api.timeout.ms = 60000
	enable.auto.commit = true
	exclude.internal.topics = true
	fetch.max.bytes = 52428800
	fetch.max.wait.ms = 500
	fetch.min.bytes = 1
	group.id = group2
	heartbeat.interval.ms = 3000
	interceptor.classes = []
	internal.leave.group.on.close = true
	isolation.level = read_uncommitted
	key.deserializer = class org.apache.kafka.common.serialization.StringDeserializer
	max.partition.fetch.bytes = 1048576
	max.poll.interval.ms = 300000
	max.poll.records = 1000
	metadata.max.age.ms = 300000
	metric.reporters = []
	metrics.num.samples = 2
	metrics.recording.level = INFO
	metrics.sample.window.ms = 30000
	partition.assignment.strategy = [class org.apache.kafka.clients.consumer.RangeAssignor]
	receive.buffer.bytes = 65536
	reconnect.backoff.max.ms = 1000
	reconnect.backoff.ms = 50
	request.timeout.ms = 30000
	retry.backoff.ms = 100
	sasl.client.callback.handler.class = null
	sasl.jaas.config = null
	sasl.kerberos.kinit.cmd = /usr/bin/kinit
	sasl.kerberos.min.time.before.relogin = 60000
	sasl.kerberos.service.name = null
	sasl.kerberos.ticket.renew.jitter = 0.05
	sasl.kerberos.ticket.renew.window.factor = 0.8
	sasl.login.callback.handler.class = null
	sasl.login.class = null
	sasl.login.refresh.buffer.seconds = 300
	sasl.login.refresh.min.period.seconds = 60
	sasl.login.refresh.window.factor = 0.8
	sasl.login.refresh.window.jitter = 0.05
	sasl.mechanism = GSSAPI
	security.protocol = PLAINTEXT
	send.buffer.bytes = 131072
	session.timeout.ms = 30000
	ssl.cipher.suites = null
	ssl.enabled.protocols = [TLSv1.2, TLSv1.1, TLSv1]
	ssl.endpoint.identification.algorithm = https
	ssl.key.password = null
	ssl.keymanager.algorithm = SunX509
	ssl.keystore.location = null
	ssl.keystore.password = null
	ssl.keystore.type = JKS
	ssl.protocol = TLS
	ssl.provider = null
	ssl.secure.random.implementation = null
	ssl.trustmanager.algorithm = PKIX
	ssl.truststore.location = null
	ssl.truststore.password = null
	ssl.truststore.type = JKS
	value.deserializer = class org.apache.kafka.common.serialization.StringDeserializer

2019-10-11 at 17:13:21 CST INFO  org.apache.kafka.common.utils.AppInfoParser$AppInfo 109 <init> - Kafka version : 2.1.0
2019-10-11 at 17:13:21 CST INFO  org.apache.kafka.common.utils.AppInfoParser$AppInfo 110 <init> - Kafka commitId : eec43959745f444f
2019-10-11 at 17:13:21 CST INFO  org.apache.kafka.clients.Metadata 285 update - Cluster ID: ZQXnBn0nQDC1_9an2w2jXA
2019-10-11 at 17:13:21 CST INFO  tiger.ApplicationConfig 99 lambda$consumer$0 - partition info:Partition(topic = cors_msg, partition = 0, leader = 1, replicas = [1,0,2], isr = [2,1,0], offlineReplicas = [])
2019-10-11 at 17:13:21 CST INFO  tiger.ApplicationConfig 99 lambda$consumer$0 - partition info:Partition(topic = cors_msg, partition = 5, leader = 0, replicas = [0,1,2], isr = [2,1,0], offlineReplicas = [])
2019-10-11 at 17:13:21 CST INFO  tiger.ApplicationConfig 99 lambda$consumer$0 - partition info:Partition(topic = cors_msg, partition = 4, leader = 2, replicas = [2,0,1], isr = [2,1,0], offlineReplicas = [])
2019-10-11 at 17:13:21 CST INFO  tiger.ApplicationConfig 99 lambda$consumer$0 - partition info:Partition(topic = cors_msg, partition = 1, leader = 2, replicas = [2,1,0], isr = [2,1,0], offlineReplicas = [])
2019-10-11 at 17:13:21 CST INFO  tiger.ApplicationConfig 99 lambda$consumer$0 - partition info:Partition(topic = cors_msg, partition = 6, leader = 1, replicas = [1,0,2], isr = [2,1,0], offlineReplicas = [])
2019-10-11 at 17:13:21 CST INFO  tiger.ApplicationConfig 99 lambda$consumer$0 - partition info:Partition(topic = cors_msg, partition = 7, leader = 2, replicas = [2,1,0], isr = [2,1,0], offlineReplicas = [])
2019-10-11 at 17:13:21 CST INFO  tiger.ApplicationConfig 99 lambda$consumer$0 - partition info:Partition(topic = cors_msg, partition = 2, leader = 0, replicas = [0,2,1], isr = [2,1,0], offlineReplicas = [])
2019-10-11 at 17:13:21 CST INFO  tiger.ApplicationConfig 99 lambda$consumer$0 - partition info:Partition(topic = cors_msg, partition = 3, leader = 1, replicas = [1,2,0], isr = [2,1,0], offlineReplicas = [])
2019-10-11 at 17:13:21 CST INFO  org.springframework.scheduling.annotation.ScheduledAnnotationBeanPostProcessor 295 finishRegistration - No TaskScheduler/ScheduledExecutorService bean found for scheduled processing
2019-10-11 at 17:13:21 CST INFO  org.apache.kafka.clients.consumer.internals.Fetcher 583 resetOffsetIfNeeded - [Consumer clientId=consumer-1, groupId=group2] Resetting offset for partition cors_msg-0 to offset 78886119.
2019-10-11 at 17:13:21 CST INFO  org.apache.kafka.clients.consumer.internals.Fetcher 583 resetOffsetIfNeeded - [Consumer clientId=consumer-1, groupId=group2] Resetting offset for partition cors_msg-6 to offset 66916274.
2019-10-11 at 17:13:21 CST INFO  org.apache.kafka.clients.consumer.internals.Fetcher 583 resetOffsetIfNeeded - [Consumer clientId=consumer-1, groupId=group2] Resetting offset for partition cors_msg-3 to offset 54314786.
2019-10-11 at 17:13:21 CST INFO  org.apache.kafka.clients.consumer.internals.Fetcher 583 resetOffsetIfNeeded - [Consumer clientId=consumer-1, groupId=group2] Resetting offset for partition cors_msg-7 to offset 80520780.
2019-10-11 at 17:13:21 CST INFO  org.apache.kafka.clients.consumer.internals.Fetcher 583 resetOffsetIfNeeded - [Consumer clientId=consumer-1, groupId=group2] Resetting offset for partition cors_msg-4 to offset 74861192.
2019-10-11 at 17:13:21 CST INFO  org.apache.kafka.clients.consumer.internals.Fetcher 583 resetOffsetIfNeeded - [Consumer clientId=consumer-1, groupId=group2] Resetting offset for partition cors_msg-1 to offset 42069593.
2019-10-11 at 17:13:21 CST INFO  org.apache.kafka.clients.consumer.internals.Fetcher 583 resetOffsetIfNeeded - [Consumer clientId=consumer-1, groupId=group2] Resetting offset for partition cors_msg-5 to offset 60688810.
2019-10-11 at 17:13:21 CST INFO  org.apache.kafka.clients.consumer.internals.Fetcher 583 resetOffsetIfNeeded - [Consumer clientId=consumer-1, groupId=group2] Resetting offset for partition cors_msg-2 to offset 50243325.
2019-10-11 at 17:13:22 CST INFO  tiger.ConsumeTask 38 consume - message:msg:cors:392:obstime:1570785220:hash, partition:1,offset:42069604
2019-10-11 at 17:13:22 CST INFO  org.apache.kafka.clients.consumer.internals.AbstractCoordinator$FindCoordinatorResponseHandler 654 onSuccess - [Consumer clientId=consumer-1, groupId=group2] Discovered group coordinator 192.168.1.114:9093 (id: 2147483645 rack: null)
2019-10-11 at 17:13:23 CST INFO  tiger.ConsumeTask 38 consume - message:msg:cors:392:obstime:1570785221:hash, partition:1,offset:42069623
2019-10-11 at 17:13:24 CST INFO  tiger.ConsumeTask 38 consume - message:msg:cors:392:obstime:1570785222:hash, partition:1,offset:42069658
2019-10-11 at 17:13:25 CST INFO  tiger.ConsumeTask 38 consume - message:msg:cors:392:obstime:1570785223:hash, partition:1,offset:42069692
2019-10-11 at 17:13:25 CST INFO  tiger.ConsumeTask 38 consume - message:msg:cors:392:obstime:1570785223:hash, partition:1,offset:42069693
2019-10-11 at 17:13:26 CST INFO  tiger.ConsumeTask 38 consume - message:msg:cors:392:obstime:1570785224:hash, partition:1,offset:42069727
2019-10-11 at 17:13:26 CST INFO  tiger.ConsumeTask 38 consume - message:msg:cors:392:obstime:1570785224:hash, partition:1,offset:42069728
2019-10-11 at 17:13:27 CST INFO  tiger.ConsumeTask 38 consume - message:msg:cors:392:obstime:1570785225:hash, partition:1,offset:42069761
2019-10-11 at 17:13:28 CST INFO  tiger.ConsumeTask 38 consume - message:msg:cors:392:obstime:1570785226:hash, partition:1,offset:42069800
2019-10-11 at 17:13:28 CST INFO  tiger.ConsumeTask 38 consume - message:msg:cors:392:obstime:1570785226:hash, partition:1,offset:42069801
2019-10-11 at 17:13:29 CST INFO  tiger.ConsumeTask 38 consume - message:msg:cors:392:obstime:1570785227:hash, partition:1,offset:42069838
2019-10-11 at 17:13:30 CST INFO  tiger.ConsumeTask 38 consume - message:msg:cors:392:obstime:1570785228:hash, partition:1,offset:42069870
2019-10-11 at 17:13:30 CST INFO  tiger.ConsumeTask 38 consume - message:msg:cors:392:obstime:1570785228:hash, partition:1,offset:42069871
2019-10-11 at 17:13:31 CST INFO  tiger.ConsumeTask 38 consume - message:msg:cors:392:obstime:1570785229:hash, partition:1,offset:42069905
2019-10-11 at 17:13:31 CST INFO  tiger.ConsumeTask 38 consume - message:msg:cors:392:obstime:1570785229:hash, partition:1,offset:42069907
2019-10-11 at 17:13:32 CST INFO  tiger.ConsumeTask 38 consume - message:msg:cors:392:obstime:1570785230:hash, partition:1,offset:42069943
2019-10-11 at 17:13:33 CST INFO  tiger.ConsumeTask 38 consume - message:msg:cors:392:obstime:1570785231:hash, partition:1,offset:42069973
2019-10-11 at 17:13:34 CST INFO  tiger.ConsumeTask 38 consume - message:msg:cors:392:obstime:1570785232:hash, partition:1,offset:42070007
2019-10-11 at 17:13:35 CST INFO  tiger.ConsumeTask 38 consume - message:msg:cors:392:obstime:1570785233:hash, partition:1,offset:42070041
2019-10-11 at 17:13:36 CST INFO  tiger.ConsumeTask 38 consume - message:msg:cors:392:obstime:1570785234:hash, partition:1,offset:42070073
2019-10-11 at 17:13:36 CST INFO  tiger.ConsumeTask 38 consume - message:msg:cors:392:obstime:1570785234:hash, partition:1,offset:42070075
2019-10-11 at 17:13:37 CST INFO  tiger.ConsumeTask 38 consume - message:msg:cors:392:obstime:1570785235:hash, partition:1,offset:42070108
2019-10-11 at 17:13:38 CST INFO  tiger.ConsumeTask 38 consume - message:msg:cors:392:obstime:1570785236:hash, partition:1,offset:42070141
2019-10-11 at 17:13:38 CST INFO  tiger.ConsumeTask 38 consume - message:msg:cors:392:obstime:1570785236:hash, partition:1,offset:42070142
2019-10-11 at 17:29:49 CST INFO  org.apache.kafka.common.config.AbstractConfig 279 logAll - ConsumerConfig values: 
	auto.commit.interval.ms = 1000
	auto.offset.reset = latest
	bootstrap.servers = [192.168.1.102:9092, 192.168.1.114:9092, 192.168.1.114:9093]
	check.crcs = true
	client.dns.lookup = default
	client.id = 
	connections.max.idle.ms = 540000
	default.api.timeout.ms = 60000
	enable.auto.commit = false
	exclude.internal.topics = true
	fetch.max.bytes = 52428800
	fetch.max.wait.ms = 500
	fetch.min.bytes = 1
	group.id = group2
	heartbeat.interval.ms = 3000
	interceptor.classes = []
	internal.leave.group.on.close = true
	isolation.level = read_uncommitted
	key.deserializer = class org.apache.kafka.common.serialization.StringDeserializer
	max.partition.fetch.bytes = 1048576
	max.poll.interval.ms = 300000
	max.poll.records = 1000
	metadata.max.age.ms = 300000
	metric.reporters = []
	metrics.num.samples = 2
	metrics.recording.level = INFO
	metrics.sample.window.ms = 30000
	partition.assignment.strategy = [class org.apache.kafka.clients.consumer.RangeAssignor]
	receive.buffer.bytes = 65536
	reconnect.backoff.max.ms = 1000
	reconnect.backoff.ms = 50
	request.timeout.ms = 30000
	retry.backoff.ms = 100
	sasl.client.callback.handler.class = null
	sasl.jaas.config = null
	sasl.kerberos.kinit.cmd = /usr/bin/kinit
	sasl.kerberos.min.time.before.relogin = 60000
	sasl.kerberos.service.name = null
	sasl.kerberos.ticket.renew.jitter = 0.05
	sasl.kerberos.ticket.renew.window.factor = 0.8
	sasl.login.callback.handler.class = null
	sasl.login.class = null
	sasl.login.refresh.buffer.seconds = 300
	sasl.login.refresh.min.period.seconds = 60
	sasl.login.refresh.window.factor = 0.8
	sasl.login.refresh.window.jitter = 0.05
	sasl.mechanism = GSSAPI
	security.protocol = PLAINTEXT
	send.buffer.bytes = 131072
	session.timeout.ms = 30000
	ssl.cipher.suites = null
	ssl.enabled.protocols = [TLSv1.2, TLSv1.1, TLSv1]
	ssl.endpoint.identification.algorithm = https
	ssl.key.password = null
	ssl.keymanager.algorithm = SunX509
	ssl.keystore.location = null
	ssl.keystore.password = null
	ssl.keystore.type = JKS
	ssl.protocol = TLS
	ssl.provider = null
	ssl.secure.random.implementation = null
	ssl.trustmanager.algorithm = PKIX
	ssl.truststore.location = null
	ssl.truststore.password = null
	ssl.truststore.type = JKS
	value.deserializer = class org.apache.kafka.common.serialization.StringDeserializer

2019-10-11 at 17:29:49 CST INFO  org.apache.kafka.common.utils.AppInfoParser$AppInfo 109 <init> - Kafka version : 2.1.0
2019-10-11 at 17:29:49 CST INFO  org.apache.kafka.common.utils.AppInfoParser$AppInfo 110 <init> - Kafka commitId : eec43959745f444f
2019-10-11 at 17:29:49 CST INFO  org.apache.kafka.clients.Metadata 285 update - Cluster ID: ZQXnBn0nQDC1_9an2w2jXA
2019-10-11 at 17:29:49 CST INFO  tiger.ApplicationConfig 99 lambda$consumer$0 - partition info:Partition(topic = cors_msg, partition = 0, leader = 1, replicas = [1,0,2], isr = [2,1,0], offlineReplicas = [])
2019-10-11 at 17:29:49 CST INFO  tiger.ApplicationConfig 99 lambda$consumer$0 - partition info:Partition(topic = cors_msg, partition = 5, leader = 0, replicas = [0,1,2], isr = [2,1,0], offlineReplicas = [])
2019-10-11 at 17:29:49 CST INFO  tiger.ApplicationConfig 99 lambda$consumer$0 - partition info:Partition(topic = cors_msg, partition = 1, leader = 2, replicas = [2,1,0], isr = [2,1,0], offlineReplicas = [])
2019-10-11 at 17:29:49 CST INFO  tiger.ApplicationConfig 99 lambda$consumer$0 - partition info:Partition(topic = cors_msg, partition = 4, leader = 2, replicas = [2,0,1], isr = [2,1,0], offlineReplicas = [])
2019-10-11 at 17:29:49 CST INFO  tiger.ApplicationConfig 99 lambda$consumer$0 - partition info:Partition(topic = cors_msg, partition = 6, leader = 1, replicas = [1,0,2], isr = [2,1,0], offlineReplicas = [])
2019-10-11 at 17:29:49 CST INFO  tiger.ApplicationConfig 99 lambda$consumer$0 - partition info:Partition(topic = cors_msg, partition = 7, leader = 2, replicas = [2,1,0], isr = [2,1,0], offlineReplicas = [])
2019-10-11 at 17:29:49 CST INFO  tiger.ApplicationConfig 99 lambda$consumer$0 - partition info:Partition(topic = cors_msg, partition = 2, leader = 0, replicas = [0,2,1], isr = [2,1,0], offlineReplicas = [])
2019-10-11 at 17:29:49 CST INFO  tiger.ApplicationConfig 99 lambda$consumer$0 - partition info:Partition(topic = cors_msg, partition = 3, leader = 1, replicas = [1,2,0], isr = [2,1,0], offlineReplicas = [])
2019-10-11 at 17:29:49 CST INFO  org.springframework.scheduling.annotation.ScheduledAnnotationBeanPostProcessor 295 finishRegistration - No TaskScheduler/ScheduledExecutorService bean found for scheduled processing
2019-10-11 at 17:29:50 CST INFO  org.apache.kafka.clients.consumer.internals.Fetcher 583 resetOffsetIfNeeded - [Consumer clientId=consumer-1, groupId=group2] Resetting offset for partition cors_msg-0 to offset 78958930.
2019-10-11 at 17:29:50 CST INFO  org.apache.kafka.clients.consumer.internals.Fetcher 583 resetOffsetIfNeeded - [Consumer clientId=consumer-1, groupId=group2] Resetting offset for partition cors_msg-6 to offset 66977808.
2019-10-11 at 17:29:50 CST INFO  org.apache.kafka.clients.consumer.internals.Fetcher 583 resetOffsetIfNeeded - [Consumer clientId=consumer-1, groupId=group2] Resetting offset for partition cors_msg-3 to offset 54368278.
2019-10-11 at 17:29:50 CST INFO  org.apache.kafka.clients.consumer.internals.Fetcher 583 resetOffsetIfNeeded - [Consumer clientId=consumer-1, groupId=group2] Resetting offset for partition cors_msg-5 to offset 60747981.
2019-10-11 at 17:29:50 CST INFO  org.apache.kafka.clients.consumer.internals.Fetcher 583 resetOffsetIfNeeded - [Consumer clientId=consumer-1, groupId=group2] Resetting offset for partition cors_msg-2 to offset 50288242.
2019-10-11 at 17:29:50 CST INFO  org.apache.kafka.clients.consumer.internals.Fetcher 583 resetOffsetIfNeeded - [Consumer clientId=consumer-1, groupId=group2] Resetting offset for partition cors_msg-7 to offset 80595232.
2019-10-11 at 17:29:50 CST INFO  org.apache.kafka.clients.consumer.internals.Fetcher 583 resetOffsetIfNeeded - [Consumer clientId=consumer-1, groupId=group2] Resetting offset for partition cors_msg-4 to offset 74933092.
2019-10-11 at 17:29:50 CST INFO  org.apache.kafka.clients.consumer.internals.Fetcher 583 resetOffsetIfNeeded - [Consumer clientId=consumer-1, groupId=group2] Resetting offset for partition cors_msg-1 to offset 42105838.
2019-10-11 at 17:29:51 CST INFO  tiger.ConsumeTask 38 consume - message:msg:cors:392:obstime:1570786209:hash, partition:1,offset:42105841
2019-10-11 at 17:29:52 CST INFO  tiger.ConsumeTask 38 consume - message:msg:cors:392:obstime:1570786210:hash, partition:1,offset:42105876
2019-10-11 at 17:29:53 CST INFO  tiger.ConsumeTask 38 consume - message:msg:cors:392:obstime:1570786211:hash, partition:1,offset:42105907
2019-10-11 at 17:29:54 CST INFO  tiger.ConsumeTask 38 consume - message:msg:cors:392:obstime:1570786212:hash, partition:1,offset:42105949
2019-10-11 at 17:29:55 CST INFO  tiger.ConsumeTask 38 consume - message:msg:cors:392:obstime:1570786213:hash, partition:1,offset:42105975
2019-10-11 at 17:29:55 CST INFO  tiger.ConsumeTask 38 consume - message:msg:cors:392:obstime:1570786213:hash, partition:1,offset:42105976
2019-10-11 at 17:29:56 CST INFO  tiger.ConsumeTask 38 consume - message:msg:cors:392:obstime:1570786214:hash, partition:1,offset:42106010
2019-10-11 at 17:29:56 CST INFO  tiger.ConsumeTask 38 consume - message:msg:cors:392:obstime:1570786214:hash, partition:1,offset:42106011
2019-10-11 at 17:29:57 CST INFO  tiger.ConsumeTask 38 consume - message:msg:cors:392:obstime:1570786215:hash, partition:1,offset:42106045
2019-10-11 at 17:29:58 CST INFO  tiger.ConsumeTask 38 consume - message:msg:cors:392:obstime:1570786216:hash, partition:1,offset:42106097
2019-10-11 at 17:29:59 CST INFO  tiger.ConsumeTask 38 consume - message:msg:cors:392:obstime:1570786217:hash, partition:1,offset:42106109
2019-10-11 at 17:30:00 CST INFO  tiger.ConsumeTask 38 consume - message:msg:cors:392:obstime:1570786218:hash, partition:1,offset:42106145
2019-10-11 at 17:30:00 CST INFO  tiger.ConsumeTask 38 consume - message:msg:cors:392:obstime:1570786218:hash, partition:1,offset:42106146
2019-10-11 at 17:30:01 CST INFO  tiger.ConsumeTask 38 consume - message:msg:cors:392:obstime:1570786219:hash, partition:1,offset:42106182
2019-10-11 at 17:30:01 CST INFO  tiger.ConsumeTask 38 consume - message:msg:cors:392:obstime:1570786219:hash, partition:1,offset:42106183
2019-10-11 at 17:30:02 CST INFO  tiger.ConsumeTask 38 consume - message:msg:cors:392:obstime:1570786220:hash, partition:1,offset:42106215
2019-10-11 at 17:30:02 CST INFO  tiger.ConsumeTask 38 consume - message:msg:cors:392:obstime:1570786220:hash, partition:1,offset:42106216
2019-10-11 at 17:30:03 CST INFO  tiger.ConsumeTask 38 consume - message:msg:cors:392:obstime:1570786221:hash, partition:1,offset:42106249
2019-10-11 at 17:30:04 CST INFO  tiger.ConsumeTask 38 consume - message:msg:cors:392:obstime:1570786222:hash, partition:1,offset:42106289
2019-10-11 at 17:37:02 CST INFO  org.springframework.context.support.PostProcessorRegistrationDelegate$BeanPostProcessorChecker 330 postProcessAfterInitialization - Bean 'org.springframework.kafka.annotation.KafkaBootstrapConfiguration' of type [org.springframework.kafka.annotation.KafkaBootstrapConfiguration$$EnhancerBySpringCGLIB$$ddb77f54] is not eligible for getting processed by all BeanPostProcessors (for example: not eligible for auto-proxying)
2019-10-11 at 17:37:02 CST INFO  org.apache.kafka.common.config.AbstractConfig 279 logAll - ConsumerConfig values: 
	auto.commit.interval.ms = 1000
	auto.offset.reset = latest
	bootstrap.servers = [192.168.1.102:9092, 192.168.1.114:9092, 192.168.1.114:9093]
	check.crcs = true
	client.dns.lookup = default
	client.id = 
	connections.max.idle.ms = 540000
	default.api.timeout.ms = 60000
	enable.auto.commit = false
	exclude.internal.topics = true
	fetch.max.bytes = 52428800
	fetch.max.wait.ms = 500
	fetch.min.bytes = 1
	group.id = group2
	heartbeat.interval.ms = 3000
	interceptor.classes = []
	internal.leave.group.on.close = true
	isolation.level = read_uncommitted
	key.deserializer = class org.apache.kafka.common.serialization.StringDeserializer
	max.partition.fetch.bytes = 1048576
	max.poll.interval.ms = 300000
	max.poll.records = 1000
	metadata.max.age.ms = 300000
	metric.reporters = []
	metrics.num.samples = 2
	metrics.recording.level = INFO
	metrics.sample.window.ms = 30000
	partition.assignment.strategy = [class org.apache.kafka.clients.consumer.RangeAssignor]
	receive.buffer.bytes = 65536
	reconnect.backoff.max.ms = 1000
	reconnect.backoff.ms = 50
	request.timeout.ms = 30000
	retry.backoff.ms = 100
	sasl.client.callback.handler.class = null
	sasl.jaas.config = null
	sasl.kerberos.kinit.cmd = /usr/bin/kinit
	sasl.kerberos.min.time.before.relogin = 60000
	sasl.kerberos.service.name = null
	sasl.kerberos.ticket.renew.jitter = 0.05
	sasl.kerberos.ticket.renew.window.factor = 0.8
	sasl.login.callback.handler.class = null
	sasl.login.class = null
	sasl.login.refresh.buffer.seconds = 300
	sasl.login.refresh.min.period.seconds = 60
	sasl.login.refresh.window.factor = 0.8
	sasl.login.refresh.window.jitter = 0.05
	sasl.mechanism = GSSAPI
	security.protocol = PLAINTEXT
	send.buffer.bytes = 131072
	session.timeout.ms = 30000
	ssl.cipher.suites = null
	ssl.enabled.protocols = [TLSv1.2, TLSv1.1, TLSv1]
	ssl.endpoint.identification.algorithm = https
	ssl.key.password = null
	ssl.keymanager.algorithm = SunX509
	ssl.keystore.location = null
	ssl.keystore.password = null
	ssl.keystore.type = JKS
	ssl.protocol = TLS
	ssl.provider = null
	ssl.secure.random.implementation = null
	ssl.trustmanager.algorithm = PKIX
	ssl.truststore.location = null
	ssl.truststore.password = null
	ssl.truststore.type = JKS
	value.deserializer = class org.apache.kafka.common.serialization.StringDeserializer

2019-10-11 at 17:37:03 CST INFO  org.apache.kafka.common.utils.AppInfoParser$AppInfo 109 <init> - Kafka version : 2.1.0
2019-10-11 at 17:37:03 CST INFO  org.apache.kafka.common.utils.AppInfoParser$AppInfo 110 <init> - Kafka commitId : eec43959745f444f
2019-10-11 at 17:37:03 CST INFO  org.apache.kafka.clients.Metadata 285 update - Cluster ID: ZQXnBn0nQDC1_9an2w2jXA
2019-10-11 at 17:37:03 CST INFO  tiger.ApplicationConfig 101 lambda$consumer$0 - partition info:Partition(topic = cors_msg, partition = 0, leader = 1, replicas = [1,0,2], isr = [2,1,0], offlineReplicas = [])
2019-10-11 at 17:37:03 CST INFO  tiger.ApplicationConfig 101 lambda$consumer$0 - partition info:Partition(topic = cors_msg, partition = 5, leader = 0, replicas = [0,1,2], isr = [2,1,0], offlineReplicas = [])
2019-10-11 at 17:37:03 CST INFO  tiger.ApplicationConfig 101 lambda$consumer$0 - partition info:Partition(topic = cors_msg, partition = 4, leader = 2, replicas = [2,0,1], isr = [2,1,0], offlineReplicas = [])
2019-10-11 at 17:37:03 CST INFO  tiger.ApplicationConfig 101 lambda$consumer$0 - partition info:Partition(topic = cors_msg, partition = 1, leader = 2, replicas = [2,1,0], isr = [2,1,0], offlineReplicas = [])
2019-10-11 at 17:37:03 CST INFO  tiger.ApplicationConfig 101 lambda$consumer$0 - partition info:Partition(topic = cors_msg, partition = 6, leader = 1, replicas = [1,0,2], isr = [2,1,0], offlineReplicas = [])
2019-10-11 at 17:37:03 CST INFO  tiger.ApplicationConfig 101 lambda$consumer$0 - partition info:Partition(topic = cors_msg, partition = 7, leader = 2, replicas = [2,1,0], isr = [2,1,0], offlineReplicas = [])
2019-10-11 at 17:37:03 CST INFO  tiger.ApplicationConfig 101 lambda$consumer$0 - partition info:Partition(topic = cors_msg, partition = 2, leader = 0, replicas = [0,2,1], isr = [2,1,0], offlineReplicas = [])
2019-10-11 at 17:37:03 CST INFO  tiger.ApplicationConfig 101 lambda$consumer$0 - partition info:Partition(topic = cors_msg, partition = 3, leader = 1, replicas = [1,2,0], isr = [2,1,0], offlineReplicas = [])
2019-10-11 at 17:37:03 CST WARN  org.springframework.context.support.AbstractApplicationContext 557 refresh - Exception encountered during context initialization - cancelling refresh attempt: org.springframework.beans.factory.NoSuchBeanDefinitionException: No bean named 'kafkaListenerContainerFactory' available
